<?xml version="1.0" encoding="UTF-8"?>
<!-- Generated by org.testng.reporters.JUnitReportReporter -->
<testsuite hostname="DESKTOP-C7HII46" failures="0" tests="1" name="testRunner.MyRunner" time="29.353" errors="0" timestamp="2024-12-22T20:12:24 IST" skipped="0">
  <testcase classname="testRunner.MyRunner" name="runScenario" time="29.353"/>
</testsuite> <!-- testRunner.MyRunner -->
